<?xml version="1.0" encoding="UTF-8"?>
<!-- Generated by org.testng.reporters.JUnitXMLReporter -->
<testsuite ignored="1" hostname="ROVSHENTHINKPAD" failures="0" tests="6" name="App testing FireFox" time="28.567" errors="0" timestamp="2020-06-08T20:22:50 CDT">
  <testcase classname="testNG.TestNG_Listener" name="test1" time="3.729"/>
  <testcase classname="testNG.TestNG_Listener" name="test1" time="3.122"/>
  <testcase classname="testNG.TestNG_Listener" name="test1" time="3.209"/>
  <testcase classname="testNG.TestNG_Listener" name="test1" time="2.529"/>
  <testcase classname="testNG.TestNG_Listener" name="test1" time="3.61"/>
  <testcase classname="testNG.TestNG_Listener" name="test1" time="2.877"/>
  <testcase classname="testNG.TestNG_Listener" name="test2" time="0.0">
    <ignored/>
  </testcase> <!-- test2 -->
</testsuite> <!-- App testing FireFox -->
