<?xml version="1.0" encoding="UTF-8"?>
<!-- Generated by org.testng.reporters.JUnitXMLReporter -->
<testsuite ignored="1" hostname="ROVSHENTHINKPAD" failures="0" tests="6" name="App testing Chrome" time="20.892" errors="0" timestamp="2020-06-10T12:03:04 CDT">
  <testcase classname="testNG.TestNG_Listener" name="test1" time="2.755"/>
  <testcase classname="testNG.TestNG_Listener" name="test1" time="2.208"/>
  <testcase classname="testNG.TestNG_Listener" name="test1" time="1.927"/>
  <testcase classname="testNG.TestNG_Listener" name="test1" time="2.157"/>
  <testcase classname="testNG.TestNG_Listener" name="test1" time="1.769"/>
  <testcase classname="testNG.TestNG_Listener" name="test1" time="1.529"/>
  <testcase classname="testNG.TestNG_Listener" name="test2" time="0.0">
    <ignored/>
  </testcase> <!-- test2 -->
</testsuite> <!-- App testing Chrome -->
