<?xml version="1.0" encoding="UTF-8"?>
<!-- Generated by org.testng.reporters.JUnitXMLReporter -->
<testsuite ignored="1" hostname="ROVSHENTHINKPAD" failures="0" tests="6" name="App testing FireFox" time="30.275" errors="0" timestamp="2020-06-08T20:33:56 CDT">
  <testcase classname="testNG.TestNG_Listener" name="test1" time="4.371"/>
  <testcase classname="testNG.TestNG_Listener" name="test1" time="3.436"/>
  <testcase classname="testNG.TestNG_Listener" name="test1" time="3.214"/>
  <testcase classname="testNG.TestNG_Listener" name="test1" time="3.179"/>
  <testcase classname="testNG.TestNG_Listener" name="test1" time="2.833"/>
  <testcase classname="testNG.TestNG_Listener" name="test1" time="3.31"/>
  <testcase classname="testNG.TestNG_Listener" name="test2" time="0.0">
    <ignored/>
  </testcase> <!-- test2 -->
</testsuite> <!-- App testing FireFox -->
