<?xml version="1.0" encoding="UTF-8"?>
<testng-results ignored="1" total="7" passed="6" failed="0" skipped="0">
  <reporter-output>
    <line>
      <![CDATA[onFinish:jQuery Test]]>
    </line>
    <line>
      <![CDATA[onStart=App testing FireFox]]>
    </line>
    <line>
      <![CDATA[test1]]>
    </line>
    <line>
      <![CDATA[before invocation: testNG.TestNG_Listener==>setUp]]>
    </line>
    <line>
      <![CDATA[before invocation: testNG.TestNG_Listener==>setUp==>true]]>
    </line>
    <line>
      <![CDATA[onTestStart=test1]]>
    </line>
    <line>
      <![CDATA[before invocation: testNG.TestNG_Listener==>test1]]>
    </line>
    <line>
      <![CDATA[before invocation: testNG.TestNG_Listener==>test1==>true]]>
    </line>
    <line>
      <![CDATA[onTestSuccess=test1]]>
    </line>
    <line>
      <![CDATA[before invocation: testNG.TestNG_Listener==>afterTests]]>
    </line>
    <line>
      <![CDATA[before invocation: testNG.TestNG_Listener==>afterTests==>true]]>
    </line>
    <line>
      <![CDATA[onTestStart=test1]]>
    </line>
    <line>
      <![CDATA[before invocation: testNG.TestNG_Listener==>test1]]>
    </line>
    <line>
      <![CDATA[before invocation: testNG.TestNG_Listener==>test1==>true]]>
    </line>
    <line>
      <![CDATA[onTestSuccess=test1]]>
    </line>
    <line>
      <![CDATA[before invocation: testNG.TestNG_Listener==>afterTests]]>
    </line>
    <line>
      <![CDATA[before invocation: testNG.TestNG_Listener==>afterTests==>true]]>
    </line>
    <line>
      <![CDATA[onTestStart=test1]]>
    </line>
    <line>
      <![CDATA[before invocation: testNG.TestNG_Listener==>test1]]>
    </line>
    <line>
      <![CDATA[before invocation: testNG.TestNG_Listener==>test1==>true]]>
    </line>
    <line>
      <![CDATA[onTestSuccess=test1]]>
    </line>
    <line>
      <![CDATA[before invocation: testNG.TestNG_Listener==>afterTests]]>
    </line>
    <line>
      <![CDATA[before invocation: testNG.TestNG_Listener==>afterTests==>true]]>
    </line>
    <line>
      <![CDATA[onTestStart=test1]]>
    </line>
    <line>
      <![CDATA[before invocation: testNG.TestNG_Listener==>test1]]>
    </line>
    <line>
      <![CDATA[before invocation: testNG.TestNG_Listener==>test1==>true]]>
    </line>
    <line>
      <![CDATA[onTestSuccess=test1]]>
    </line>
    <line>
      <![CDATA[before invocation: testNG.TestNG_Listener==>afterTests]]>
    </line>
    <line>
      <![CDATA[before invocation: testNG.TestNG_Listener==>afterTests==>true]]>
    </line>
    <line>
      <![CDATA[onTestStart=test1]]>
    </line>
    <line>
      <![CDATA[before invocation: testNG.TestNG_Listener==>test1]]>
    </line>
    <line>
      <![CDATA[before invocation: testNG.TestNG_Listener==>test1==>true]]>
    </line>
    <line>
      <![CDATA[onTestSuccess=test1]]>
    </line>
    <line>
      <![CDATA[before invocation: testNG.TestNG_Listener==>afterTests]]>
    </line>
    <line>
      <![CDATA[before invocation: testNG.TestNG_Listener==>afterTests==>true]]>
    </line>
    <line>
      <![CDATA[onTestStart=test1]]>
    </line>
    <line>
      <![CDATA[before invocation: testNG.TestNG_Listener==>test1]]>
    </line>
    <line>
      <![CDATA[before invocation: testNG.TestNG_Listener==>test1==>true]]>
    </line>
    <line>
      <![CDATA[onTestSuccess=test1]]>
    </line>
    <line>
      <![CDATA[before invocation: testNG.TestNG_Listener==>afterTests]]>
    </line>
    <line>
      <![CDATA[before invocation: testNG.TestNG_Listener==>afterTests==>true]]>
    </line>
    <line>
      <![CDATA[before invocation: testNG.TestNG_Listener==>tearDown]]>
    </line>
    <line>
      <![CDATA[before invocation: testNG.TestNG_Listener==>tearDown==>true]]>
    </line>
  </reporter-output>
  <suite started-at="2020-06-08T20:33:26 CDT" name="jQuery Test" finished-at="2020-06-08T20:33:56 CDT" duration-ms="30275">
    <groups>
    </groups>
    <test started-at="2020-06-08T20:33:26 CDT" name="App testing FireFox" finished-at="2020-06-08T20:33:56 CDT" duration-ms="30275">
      <class name="testNG.TestNG_Listener">
        <test-method is-config="true" signature="setUp()[pri:0, instance:testNG.TestNG_Listener@43d7741f]" started-at="2020-06-08T20:33:26 CDT" name="setUp" finished-at="2020-06-08T20:33:35 CDT" duration-ms="8858" status="PASS">
          <reporter-output>
            <line>
              <![CDATA[before invocation: testNG.TestNG_Listener==>setUp==>true]]>
            </line>
          </reporter-output>
        </test-method> <!-- setUp -->
        <test-method signature="test1(java.lang.String, java.lang.String, java.lang.String)[pri:0, instance:testNG.TestNG_Listener@43d7741f]" started-at="2020-06-08T20:33:35 CDT" name="test1" data-provider="linkData" finished-at="2020-06-08T20:33:39 CDT" duration-ms="4371" status="PASS">
          <params>
            <param index="0">
              <value>
                <![CDATA[CLA]]>
              </value>
            </param>
            <param index="1">
              <value>
                <![CDATA[OpenJS Foundation]]>
              </value>
            </param>
            <param index="2">
              <value>
                <![CDATA[openjsf]]>
              </value>
            </param>
          </params>
          <reporter-output>
            <line>
              <![CDATA[onTestStart=test1]]>
            </line>
            <line>
              <![CDATA[before invocation: testNG.TestNG_Listener==>test1]]>
            </line>
            <line>
              <![CDATA[before invocation: testNG.TestNG_Listener==>test1==>true]]>
            </line>
            <line>
              <![CDATA[onTestSuccess=test1]]>
            </line>
            <line>
              <![CDATA[before invocation: testNG.TestNG_Listener==>afterTests]]>
            </line>
          </reporter-output>
        </test-method> <!-- test1 -->
        <test-method is-config="true" signature="afterTests(org.testng.ITestResult)[pri:0, instance:testNG.TestNG_Listener@43d7741f]" started-at="2020-06-08T20:33:39 CDT" name="afterTests" finished-at="2020-06-08T20:33:39 CDT" duration-ms="3" status="PASS">
          <params>
            <param index="0">
              <value>
                <![CDATA[[TestResult name=test1 status=SUCCESS method=TestNG_Listener.test1(java.lang.String, java.lang.String, java.lang.String)[pri:0, instance:testNG.TestNG_Listener@43d7741f] output=onTestStart=test1]]]>
              </value>
            </param>
          </params>
          <reporter-output>
            <line>
              <![CDATA[before invocation: testNG.TestNG_Listener==>afterTests==>true]]>
            </line>
          </reporter-output>
        </test-method> <!-- afterTests -->
        <test-method signature="test1(java.lang.String, java.lang.String, java.lang.String)[pri:0, instance:testNG.TestNG_Listener@43d7741f]" started-at="2020-06-08T20:33:39 CDT" name="test1" data-provider="linkData" finished-at="2020-06-08T20:33:43 CDT" duration-ms="3436" status="PASS">
          <params>
            <param index="0">
              <value>
                <![CDATA[Documentation]]>
              </value>
            </param>
            <param index="1">
              <value>
                <![CDATA[Contributing to jQuery Foundation Documentation]]>
              </value>
            </param>
            <param index="2">
              <value>
                <![CDATA[documentation]]>
              </value>
            </param>
          </params>
          <reporter-output>
            <line>
              <![CDATA[onTestStart=test1]]>
            </line>
            <line>
              <![CDATA[before invocation: testNG.TestNG_Listener==>test1]]>
            </line>
            <line>
              <![CDATA[before invocation: testNG.TestNG_Listener==>test1==>true]]>
            </line>
            <line>
              <![CDATA[onTestSuccess=test1]]>
            </line>
            <line>
              <![CDATA[before invocation: testNG.TestNG_Listener==>afterTests]]>
            </line>
          </reporter-output>
        </test-method> <!-- test1 -->
        <test-method is-config="true" signature="afterTests(org.testng.ITestResult)[pri:0, instance:testNG.TestNG_Listener@43d7741f]" started-at="2020-06-08T20:33:43 CDT" name="afterTests" finished-at="2020-06-08T20:33:43 CDT" duration-ms="1" status="PASS">
          <params>
            <param index="0">
              <value>
                <![CDATA[[TestResult name=test1 status=SUCCESS method=TestNG_Listener.test1(java.lang.String, java.lang.String, java.lang.String)[pri:0, instance:testNG.TestNG_Listener@43d7741f] output=onTestStart=test1]]]>
              </value>
            </param>
          </params>
          <reporter-output>
            <line>
              <![CDATA[before invocation: testNG.TestNG_Listener==>afterTests==>true]]>
            </line>
          </reporter-output>
        </test-method> <!-- afterTests -->
        <test-method signature="test1(java.lang.String, java.lang.String, java.lang.String)[pri:0, instance:testNG.TestNG_Listener@43d7741f]" started-at="2020-06-08T20:33:43 CDT" name="test1" data-provider="linkData" finished-at="2020-06-08T20:33:46 CDT" duration-ms="3214" status="PASS">
          <params>
            <param index="0">
              <value>
                <![CDATA[Bug Triage]]>
              </value>
            </param>
            <param index="1">
              <value>
                <![CDATA[Bug Triage]]>
              </value>
            </param>
            <param index="2">
              <value>
                <![CDATA[triage]]>
              </value>
            </param>
          </params>
          <reporter-output>
            <line>
              <![CDATA[onTestStart=test1]]>
            </line>
            <line>
              <![CDATA[before invocation: testNG.TestNG_Listener==>test1]]>
            </line>
            <line>
              <![CDATA[before invocation: testNG.TestNG_Listener==>test1==>true]]>
            </line>
            <line>
              <![CDATA[onTestSuccess=test1]]>
            </line>
            <line>
              <![CDATA[before invocation: testNG.TestNG_Listener==>afterTests]]>
            </line>
          </reporter-output>
        </test-method> <!-- test1 -->
        <test-method is-config="true" signature="afterTests(org.testng.ITestResult)[pri:0, instance:testNG.TestNG_Listener@43d7741f]" started-at="2020-06-08T20:33:46 CDT" name="afterTests" finished-at="2020-06-08T20:33:46 CDT" duration-ms="0" status="PASS">
          <params>
            <param index="0">
              <value>
                <![CDATA[[TestResult name=test1 status=SUCCESS method=TestNG_Listener.test1(java.lang.String, java.lang.String, java.lang.String)[pri:0, instance:testNG.TestNG_Listener@43d7741f] output=onTestStart=test1]]]>
              </value>
            </param>
          </params>
          <reporter-output>
            <line>
              <![CDATA[before invocation: testNG.TestNG_Listener==>afterTests==>true]]>
            </line>
          </reporter-output>
        </test-method> <!-- afterTests -->
        <test-method signature="test1(java.lang.String, java.lang.String, java.lang.String)[pri:0, instance:testNG.TestNG_Listener@43d7741f]" started-at="2020-06-08T20:33:46 CDT" name="test1" data-provider="linkData" finished-at="2020-06-08T20:33:49 CDT" duration-ms="3179" status="PASS">
          <params>
            <param index="0">
              <value>
                <![CDATA[Style Guides]]>
              </value>
            </param>
            <param index="1">
              <value>
                <![CDATA[jQuery’s Style Guides]]>
              </value>
            </param>
            <param index="2">
              <value>
                <![CDATA[style-guide]]>
              </value>
            </param>
          </params>
          <reporter-output>
            <line>
              <![CDATA[onTestStart=test1]]>
            </line>
            <line>
              <![CDATA[before invocation: testNG.TestNG_Listener==>test1]]>
            </line>
            <line>
              <![CDATA[before invocation: testNG.TestNG_Listener==>test1==>true]]>
            </line>
            <line>
              <![CDATA[onTestSuccess=test1]]>
            </line>
            <line>
              <![CDATA[before invocation: testNG.TestNG_Listener==>afterTests]]>
            </line>
          </reporter-output>
        </test-method> <!-- test1 -->
        <test-method is-config="true" signature="afterTests(org.testng.ITestResult)[pri:0, instance:testNG.TestNG_Listener@43d7741f]" started-at="2020-06-08T20:33:49 CDT" name="afterTests" finished-at="2020-06-08T20:33:49 CDT" duration-ms="2" status="PASS">
          <params>
            <param index="0">
              <value>
                <![CDATA[[TestResult name=test1 status=SUCCESS method=TestNG_Listener.test1(java.lang.String, java.lang.String, java.lang.String)[pri:0, instance:testNG.TestNG_Listener@43d7741f] output=onTestStart=test1]]]>
              </value>
            </param>
          </params>
          <reporter-output>
            <line>
              <![CDATA[before invocation: testNG.TestNG_Listener==>afterTests==>true]]>
            </line>
          </reporter-output>
        </test-method> <!-- afterTests -->
        <test-method signature="test1(java.lang.String, java.lang.String, java.lang.String)[pri:0, instance:testNG.TestNG_Listener@43d7741f]" started-at="2020-06-08T20:33:49 CDT" name="test1" data-provider="linkData" finished-at="2020-06-08T20:33:52 CDT" duration-ms="2833" status="PASS">
          <params>
            <param index="0">
              <value>
                <![CDATA[Web Sites]]>
              </value>
            </param>
            <param index="1">
              <value>
                <![CDATA[Contributing to jQuery Foundation Web Sites]]>
              </value>
            </param>
            <param index="2">
              <value>
                <![CDATA[web-sites]]>
              </value>
            </param>
          </params>
          <reporter-output>
            <line>
              <![CDATA[onTestStart=test1]]>
            </line>
            <line>
              <![CDATA[before invocation: testNG.TestNG_Listener==>test1]]>
            </line>
            <line>
              <![CDATA[before invocation: testNG.TestNG_Listener==>test1==>true]]>
            </line>
            <line>
              <![CDATA[onTestSuccess=test1]]>
            </line>
            <line>
              <![CDATA[before invocation: testNG.TestNG_Listener==>afterTests]]>
            </line>
          </reporter-output>
        </test-method> <!-- test1 -->
        <test-method is-config="true" signature="afterTests(org.testng.ITestResult)[pri:0, instance:testNG.TestNG_Listener@43d7741f]" started-at="2020-06-08T20:33:52 CDT" name="afterTests" finished-at="2020-06-08T20:33:52 CDT" duration-ms="1" status="PASS">
          <params>
            <param index="0">
              <value>
                <![CDATA[[TestResult name=test1 status=SUCCESS method=TestNG_Listener.test1(java.lang.String, java.lang.String, java.lang.String)[pri:0, instance:testNG.TestNG_Listener@43d7741f] output=onTestStart=test1]]]>
              </value>
            </param>
          </params>
          <reporter-output>
            <line>
              <![CDATA[before invocation: testNG.TestNG_Listener==>afterTests==>true]]>
            </line>
          </reporter-output>
        </test-method> <!-- afterTests -->
        <test-method signature="test1(java.lang.String, java.lang.String, java.lang.String)[pri:0, instance:testNG.TestNG_Listener@43d7741f]" started-at="2020-06-08T20:33:52 CDT" name="test1" data-provider="linkData" finished-at="2020-06-08T20:33:55 CDT" duration-ms="3310" status="PASS">
          <params>
            <param index="0">
              <value>
                <![CDATA[Code]]>
              </value>
            </param>
            <param index="1">
              <value>
                <![CDATA[Writing Code for jQuery Foundation Projects]]>
              </value>
            </param>
            <param index="2">
              <value>
                <![CDATA[code]]>
              </value>
            </param>
          </params>
          <reporter-output>
            <line>
              <![CDATA[onTestStart=test1]]>
            </line>
            <line>
              <![CDATA[before invocation: testNG.TestNG_Listener==>test1]]>
            </line>
            <line>
              <![CDATA[before invocation: testNG.TestNG_Listener==>test1==>true]]>
            </line>
            <line>
              <![CDATA[onTestSuccess=test1]]>
            </line>
            <line>
              <![CDATA[before invocation: testNG.TestNG_Listener==>afterTests]]>
            </line>
          </reporter-output>
        </test-method> <!-- test1 -->
        <test-method is-config="true" signature="afterTests(org.testng.ITestResult)[pri:0, instance:testNG.TestNG_Listener@43d7741f]" started-at="2020-06-08T20:33:55 CDT" name="afterTests" finished-at="2020-06-08T20:33:55 CDT" duration-ms="1" status="PASS">
          <params>
            <param index="0">
              <value>
                <![CDATA[[TestResult name=test1 status=SUCCESS method=TestNG_Listener.test1(java.lang.String, java.lang.String, java.lang.String)[pri:0, instance:testNG.TestNG_Listener@43d7741f] output=onTestStart=test1]]]>
              </value>
            </param>
          </params>
          <reporter-output>
            <line>
              <![CDATA[before invocation: testNG.TestNG_Listener==>afterTests==>true]]>
            </line>
          </reporter-output>
        </test-method> <!-- afterTests -->
        <test-method is-config="true" signature="tearDown()[pri:0, instance:testNG.TestNG_Listener@43d7741f]" started-at="2020-06-08T20:33:55 CDT" name="tearDown" finished-at="2020-06-08T20:33:56 CDT" duration-ms="978" status="PASS">
          <reporter-output>
            <line>
              <![CDATA[before invocation: testNG.TestNG_Listener==>tearDown==>true]]>
            </line>
          </reporter-output>
        </test-method> <!-- tearDown -->
      </class> <!-- testNG.TestNG_Listener -->
    </test> <!-- App testing FireFox -->
  </suite> <!-- jQuery Test -->
</testng-results>
