<?xml version="1.0" encoding="UTF-8"?>
<testng-results ignored="1" total="2" passed="1" failed="0" skipped="0">
  <reporter-output>
    <line>
      <![CDATA[onFinish:Default Suite]]>
    </line>
    <line>
      <![CDATA[onStart=SeleniumBoot]]>
    </line>
    <line>
      <![CDATA[test1]]>
    </line>
    <line>
      <![CDATA[before invocation: testNG.TestNG_Listener==>setUp]]>
    </line>
    <line>
      <![CDATA[before invocation: testNG.TestNG_Listener==>setUp==>true]]>
    </line>
    <line>
      <![CDATA[onTestStart=test1]]>
    </line>
    <line>
      <![CDATA[before invocation: testNG.TestNG_Listener==>test1]]>
    </line>
    <line>
      <![CDATA[before invocation: testNG.TestNG_Listener==>test1==>true]]>
    </line>
    <line>
      <![CDATA[onTestSuccess=test1]]>
    </line>
    <line>
      <![CDATA[before invocation: testNG.TestNG_Listener==>afterTests]]>
    </line>
    <line>
      <![CDATA[before invocation: testNG.TestNG_Listener==>afterTests==>true]]>
    </line>
    <line>
      <![CDATA[before invocation: testNG.TestNG_Listener==>tearDown]]>
    </line>
    <line>
      <![CDATA[before invocation: testNG.TestNG_Listener==>tearDown==>true]]>
    </line>
  </reporter-output>
  <suite started-at="2020-06-10T12:22:28 CDT" name="Default Suite" finished-at="2020-06-10T12:22:39 CDT" duration-ms="10760">
    <groups>
    </groups>
    <test started-at="2020-06-10T12:22:28 CDT" name="SeleniumBoot" finished-at="2020-06-10T12:22:39 CDT" duration-ms="10760">
      <class name="testNG.TestNG_Listener">
        <test-method is-config="true" signature="setUp()[pri:0, instance:testNG.TestNG_Listener@51b279c9]" started-at="2020-06-10T12:22:28 CDT" name="setUp" finished-at="2020-06-10T12:22:36 CDT" duration-ms="7487" status="PASS">
          <reporter-output>
            <line>
              <![CDATA[before invocation: testNG.TestNG_Listener==>setUp==>true]]>
            </line>
          </reporter-output>
        </test-method> <!-- setUp -->
        <test-method signature="test1(java.lang.String, java.lang.String, java.lang.String)[pri:0, instance:testNG.TestNG_Listener@51b279c9]" started-at="2020-06-10T12:22:36 CDT" name="test1" data-provider="linkData" finished-at="2020-06-10T12:22:38 CDT" duration-ms="2447" status="PASS">
          <params>
            <param index="0">
              <value>
                <![CDATA[Documentation]]>
              </value>
            </param>
            <param index="1">
              <value>
                <![CDATA[Contributing to jQuery Foundation Documentation]]>
              </value>
            </param>
            <param index="2">
              <value>
                <![CDATA[documentation]]>
              </value>
            </param>
          </params>
          <reporter-output>
            <line>
              <![CDATA[onTestStart=test1]]>
            </line>
            <line>
              <![CDATA[before invocation: testNG.TestNG_Listener==>test1]]>
            </line>
            <line>
              <![CDATA[before invocation: testNG.TestNG_Listener==>test1==>true]]>
            </line>
            <line>
              <![CDATA[onTestSuccess=test1]]>
            </line>
            <line>
              <![CDATA[before invocation: testNG.TestNG_Listener==>afterTests]]>
            </line>
          </reporter-output>
        </test-method> <!-- test1 -->
        <test-method is-config="true" signature="afterTests(org.testng.ITestResult)[pri:0, instance:testNG.TestNG_Listener@51b279c9]" started-at="2020-06-10T12:22:38 CDT" name="afterTests" finished-at="2020-06-10T12:22:38 CDT" duration-ms="4" status="PASS">
          <params>
            <param index="0">
              <value>
                <![CDATA[[TestResult name=test1 status=SUCCESS method=TestNG_Listener.test1(java.lang.String, java.lang.String, java.lang.String)[pri:0, instance:testNG.TestNG_Listener@51b279c9] output=onTestStart=test1]]]>
              </value>
            </param>
          </params>
          <reporter-output>
            <line>
              <![CDATA[before invocation: testNG.TestNG_Listener==>afterTests==>true]]>
            </line>
          </reporter-output>
        </test-method> <!-- afterTests -->
        <test-method is-config="true" signature="tearDown()[pri:0, instance:testNG.TestNG_Listener@51b279c9]" started-at="2020-06-10T12:22:38 CDT" name="tearDown" finished-at="2020-06-10T12:22:39 CDT" duration-ms="757" status="PASS">
          <reporter-output>
            <line>
              <![CDATA[before invocation: testNG.TestNG_Listener==>tearDown==>true]]>
            </line>
          </reporter-output>
        </test-method> <!-- tearDown -->
      </class> <!-- testNG.TestNG_Listener -->
    </test> <!-- SeleniumBoot -->
  </suite> <!-- Default Suite -->
</testng-results>
